grep/build/app/intermediates/proguard-rules/release/aapt_rules.txt
# Referenced at release\arm64-v8a\AndroidManifest.xml:28
-keep class androidx.core.app.CoreComponentFactory { <init>(); }
# Referenced at release\arm64-v8a\AndroidManifest.xml:81
-keep class com.apptreesoftware.barcodescan.BarcodeScannerActivity { <init>(); }
# Referenced at release\arm64-v8a\AndroidManifest.xml:33
-keep class com.dexterous.flutterlocalnotifications.ScheduledNotificationBootReceiver { <init>(); }
# Referenced at release\arm64-v8a\AndroidManifest.xml:38
-keep class com.dexterous.flutterlocalnotifications.ScheduledNotificationReceiver { <init>(); }
# Referenced at release\arm64-v8a\AndroidManifest.xml:195
-keep class com.google.android.datatransport.runtime.backends.TransportBackendDiscovery { <init>(); }
# Referenced at release\arm64-v8a\AndroidManifest.xml:208
-keep class com.google.android.datatransport.runtime.scheduling.jobscheduling.AlarmManagerSchedulerBroadcastReceiver { <init>(); }
# Referenced at release\arm64-v8a\AndroidManifest.xml:202
-keep class com.google.android.datatransport.runtime.scheduling.jobscheduling.JobInfoSchedulerService { <init>(); }
# Referenced at release\arm64-v8a\AndroidManifest.xml:186
-keep class com.google.android.gms.common.api.GoogleApiActivity { <init>(); }
# Referenced at release\arm64-v8a\AndroidManifest.xml:173
-keep class com.google.android.gms.measurement.AppMeasurementJobService { <init>(); }
# Referenced at release\arm64-v8a\AndroidManifest.xml:163
-keep class com.google.android.gms.measurement.AppMeasurementReceiver { <init>(); }
# Referenced at release\arm64-v8a\AndroidManifest.xml:169
-keep class com.google.android.gms.measurement.AppMeasurementService { <init>(); }
# Referenced at release\arm64-v8a\AndroidManifest.xml:95
-keep class com.google.firebase.components.ComponentDiscoveryService { <init>(); }
# Referenced at release\arm64-v8a\AndroidManifest.xml:155
-keep class com.google.firebase.iid.FirebaseInstanceIdReceiver { <init>(); }
# Referenced at release\arm64-v8a\AndroidManifest.xml:131
-keep class com.google.firebase.messaging.FirebaseMessagingService { <init>(); }
# Referenced at release\arm64-v8a\AndroidManifest.xml:179
-keep class com.google.firebase.provider.FirebaseInitProvider { <init>(); }
# Referenced at release\arm64-v8a\AndroidManifest.xml:40
-keep class com.grep.grep_build3.MainActivity { <init>(); }
# Referenced at release\arm64-v8a\AndroidManifest.xml:28
-keep class io.flutter.app.FlutterApplication { <init>(); }
# Referenced at release\arm64-v8a\AndroidManifest.xml:90
-keep class io.flutter.plugins.firebasemessaging.FlutterFirebaseMessagingService { <init>(); }
# Referenced at release\arm64-v8a\AndroidManifest.xml:145
-keep class io.flutter.plugins.share.ShareFileProvider { <init>(); }
# Referenced at release\arm64-v8a\AndroidManifest.xml:140
-keep class io.flutter.plugins.urllauncher.WebViewActivity { <init>(); }
# Referenced at res\layout\abc_alert_dialog_title_material.xml:56
# Referenced at res\layout\abc_alert_dialog_material.xml:52
# Referenced at res\layout\abc_alert_dialog_button_bar_material.xml:43
-keep class android.widget.Space { <init>(...); }

# Referenced at res\layout\abc_select_dialog_material.xml:23
-keep class androidx.appcompat.app.AlertController$RecycleListView { <init>(...); }

# Referenced at res\layout\abc_action_menu_item_layout.xml:17
-keep class androidx.appcompat.view.menu.ActionMenuItemView { <init>(...); }

# Referenced at res\layout\abc_expanded_menu_layout.xml:17
-keep class androidx.appcompat.view.menu.ExpandedMenuView { <init>(...); }

# Referenced at res\layout\abc_popup_menu_item_layout.xml:17
# Referenced at res\layout\abc_list_menu_item_layout.xml:17
# Referenced at res\layout\abc_cascading_menu_item_layout.xml:20
-keep class androidx.appcompat.view.menu.ListMenuItemView { <init>(...); }

# Referenced at res\layout\abc_screen_toolbar.xml:27
-keep class androidx.appcompat.widget.ActionBarContainer { <init>(...); }

# Referenced at res\layout\abc_screen_toolbar.xml:43
# Referenced at res\layout\abc_action_mode_bar.xml:19
-keep class androidx.appcompat.widget.ActionBarContextView { <init>(...); }

# Referenced at res\layout\abc_screen_toolbar.xml:17
-keep class androidx.appcompat.widget.ActionBarOverlayLayout { <init>(...); }

# Referenced at res\layout\abc_action_menu_layout.xml:17
-keep class androidx.appcompat.widget.ActionMenuView { <init>(...); }

# Referenced at res\layout\abc_activity_chooser_view.xml:19
-keep class androidx.appcompat.widget.ActivityChooserView$InnerLayout { <init>(...); }

# Referenced at res\layout\abc_alert_dialog_material.xml:18
-keep class androidx.appcompat.widget.AlertDialogLayout { <init>(...); }

# Referenced at res\layout\abc_alert_dialog_button_bar_material.xml:26
-keep class androidx.appcompat.widget.ButtonBarLayout { <init>(...); }

# Referenced at res\layout\abc_screen_content_include.xml:19
-keep class androidx.appcompat.widget.ContentFrameLayout { <init>(...); }

# Referenced at res\layout\abc_alert_dialog_title_material.xml:45
-keep class androidx.appcompat.widget.DialogTitle { <init>(...); }

# Referenced at res\layout\abc_screen_simple_overlay_action_mode.xml:23
-keep class androidx.appcompat.widget.FitWindowsFrameLayout { <init>(...); }

# Referenced at res\layout\abc_screen_simple.xml:17
# Referenced at res\layout\abc_dialog_title_material.xml:22
-keep class androidx.appcompat.widget.FitWindowsLinearLayout { <init>(...); }

# Referenced at res\layout\abc_search_view.xml:75
-keep class androidx.appcompat.widget.SearchView$SearchAutoComplete { <init>(...); }

# Referenced at res\layout\abc_screen_toolbar.xml:36
-keep class androidx.appcompat.widget.Toolbar { <init>(...); }

# Referenced at res\layout\abc_screen_simple_overlay_action_mode.xml:32
# Referenced at res\layout\abc_screen_simple.xml:25
-keep class androidx.appcompat.widget.ViewStubCompat { <init>(...); }

# Referenced at res\layout\design_bottom_sheet_dialog.xml:26
-keep class androidx.coordinatorlayout.widget.CoordinatorLayout { <init>(...); }

# Referenced at res\layout\abc_alert_dialog_material.xml:41
-keep class androidx.core.widget.NestedScrollView { <init>(...); }

# Referenced at res\layout\design_bottom_navigation_item.xml:27
-keep class com.google.android.material.internal.BaselineLayout { <init>(...); }

# Referenced at res\layout\design_text_input_password_icon.xml:18
-keep class com.google.android.material.internal.CheckableImageButton { <init>(...); }

# Referenced at res\layout\design_navigation_item.xml:17
-keep class com.google.android.material.internal.NavigationMenuItemView { <init>(...); }

# Referenced at res\layout\design_navigation_menu.xml:17
-keep class com.google.android.material.internal.NavigationMenuView { <init>(...); }

# Referenced at res\layout\mtrl_layout_snackbar.xml:18
# Referenced at res\layout\design_layout_snackbar.xml:18
-keep class com.google.android.material.snackbar.Snackbar$SnackbarLayout { <init>(...); }

# Referenced at res\layout\mtrl_layout_snackbar_include.xml:18
# Referenced at res\layout\design_layout_snackbar_include.xml:18
-keep class com.google.android.material.snackbar.SnackbarContentLayout { <init>(...); }