grep/build/app/outputs/mapping/release/mapping.txt
# compiler: R8
# compiler_version: 1.5.64
# min_api: 18
# pg_map_id: b4b2004
...
com.google.android.gms.measurement.internal.zzgl -> com.google.android.gms.measurement.internal.r5:
    com.google.android.gms.measurement.internal.zzar zza -> a
    com.google.android.gms.measurement.internal.zzfw zzc -> c
    java.lang.String zzb -> b
com.google.android.gms.measurement.internal.zzgm -> com.google.android.gms.measurement.internal.s5:
    com.google.android.gms.measurement.internal.zzfw zzb -> c
    com.google.android.gms.measurement.internal.zzn zza -> b
com.google.android.gms.measurement.internal.zzgn -> com.google.android.gms.measurement.internal.t5:
    com.google.android.gms.measurement.internal.zzfw zzb -> b
    com.google.android.gms.measurement.internal.zzn zza -> a
com.google.android.gms.measurement.internal.zzgo -> com.google.android.gms.measurement.internal.u5:
    com.google.android.gms.measurement.internal.zzfv zzy -> a
    void zzb() -> a
    void zzc() -> b
    com.google.android.gms.measurement.internal.zzal zzk() -> c
    com.google.android.gms.measurement.internal.zzep zzn() -> d
    com.google.android.gms.measurement.internal.zzkw zzo() -> e
    com.google.android.gms.measurement.internal.zzfd zzr() -> f
    com.google.android.gms.measurement.internal.zzfo zzp() -> g
    com.google.android.gms.common.util.Clock zzl() -> h
    com.google.android.gms.measurement.internal.zzer zzq() -> i
    android.content.Context zzm() -> j
    com.google.android.gms.measurement.internal.zzx zzt() -> k
    com.google.android.gms.measurement.internal.zzy zzs() -> l
com.google.android.gms.measurement.internal.zzgp -> com.google.android.gms.measurement.internal.v5:
    com.google.android.gms.measurement.internal.zzfw zze -> f
    long zzd -> e
    java.lang.String zzb -> c
    java.lang.String zza -> b
    java.lang.String zzc -> d
com.google.android.gms.measurement.internal.zzgq -> com.google.android.gms.measurement.internal.w5:
    com.google.android.gms.measurement.internal.zzfo zzp() -> g
    com.google.android.gms.common.util.Clock zzl() -> h
    com.google.android.gms.measurement.internal.zzer zzq() -> i
    android.content.Context zzm() -> j
    com.google.android.gms.measurement.internal.zzx zzt() -> k
com.google.android.gms.measurement.internal.zzgr -> com.google.android.gms.measurement.internal.x5:
    boolean zza -> b
    void g_() -> m
    void zzaa() -> n
    void zzab() -> o
    void zzac() -> p
    boolean zzd() -> q
    boolean zzz() -> r
com.google.android.gms.measurement.internal.zzgs -> com.google.android.gms.measurement.internal.y5:
    java.lang.String[] zzd -> d
    java.lang.String[] zza -> a
    java.lang.String[] zzc -> c
    java.lang.String[] zzb -> b
    java.lang.String zza(java.lang.String) -> a
    java.lang.String zzb(java.lang.String) -> b
com.google.android.gms.measurement.internal.zzgt -> com.google.android.gms.measurement.internal.z5:
    java.lang.Object zza(android.os.Bundle,java.lang.String,java.lang.Class,java.lang.Object) -> a
    void zza(android.os.Bundle,java.lang.Object) -> a
com.google.android.gms.measurement.internal.zzgu -> com.google.android.gms.measurement.internal.a6:
    java.lang.String[] zza -> a
    java.lang.String[] zzb -> b
    java.lang.String zza(java.lang.String) -> a
com.google.android.gms.measurement.internal.zzgv -> com.google.android.gms.measurement.internal.b6:
    java.lang.String[] zzd -> d
    java.lang.String[] zza -> a
    java.lang.String[] zzc -> c
    java.lang.String[] zzb -> b
    java.lang.String zza(java.lang.String) -> a
com.google.android.gms.measurement.internal.zzgw -> com.google.android.gms.measurement.internal.c6:
    void onEvent(java.lang.String,java.lang.String,android.os.Bundle,long) -> a
com.google.android.gms.measurement.internal.zzgx -> com.google.android.gms.measurement.internal.d6:
    void interceptEvent(java.lang.String,java.lang.String,android.os.Bundle,long) -> a